------------------------------------
| Name:     Sun
| Position: x: 0.0, y: 0.0
| Timestep: 0.0
| Delta t:  0
| Velocity: x: 0.0, y: 0.0
| Mass:     1.989e+30
------------------------------------
------------------------------------
| Name:     Earth
| Position: x: 0.0, y: 149600000000.0
| Timestep: 0.0
| Delta t:  0
| Velocity: x: 29780.0, y: 0.0
| Mass:     5.972e+24
------------------------------------
------------------------------------
| Name:     Sun
| Position: x: 0.0, y: 0.0
| Timestep: 0.0
| Delta t:  0.5003969669342041
| Velocity: x: 0.0, y: 0.0
| Mass:     1.989e+30
------------------------------------
| Neighbor: Earth
| G * m2       = 398576057600000.06
| dx           = 0.0
| dx * abs(dx) = 0.0
| dv_x         = 0.0
| G * m2       = 398576057600000.06
| dy           = 2.238016e+22
| dy * abs(dy) = 2.238016e+22
| dv_y         = 0.0
| dv           = x: 0.0, y: 1.780934799393749e-08
------------------------------------
| Name:     Earth
| Position: x: 0.0, y: 149600000000.0
| Timestep: 0.0
| Delta t:  0.5003969669342041
| Velocity: x: 29780.0, y: 0.0
| Mass:     5.972e+24
------------------------------------
| Neighbor: Sun
| G * m2       = 1.327474512e+20
| dx           = 0.0
| dx * abs(dx) = 0.0
| dv_x         = 0.0
| G * m2       = 1.327474512e+20
| dy           = -2.238016e+22
| dy * abs(dy) = -2.238016e+22
| dv_y         = 0.0
| dv           = x: 0.0, y: -0.00593147909577054
------------------------------------
| Name:     Sun
| Position: x: 0.0, y: 0.0
| Timestep: 0.5003969669342041
| Delta t:  0.5013399124145508
| Velocity: x: 0.0, y: 8.911743719242072e-09
| Mass:     1.989e+30
------------------------------------
| Neighbor: Earth
| G * m2       = 398576057600000.06
| dx           = 14901.821675300598
| dx * abs(dx) = 222064289.24245873
| dv_x         = 1794867.868938705
| G * m2       = 398576057600000.06
| dy           = 2.238016e+22
| dy * abs(dy) = 2.238016e+22
| dv_y         = 1794867.868938705
| dv           = x: 1794867.868938705, y: 1.780934799393749e-08
------------------------------------
| Name:     Earth
| Position: x: 14901.821675300598, y: 149600000000.0
| Timestep: 0.5003969669342041
| Delta t:  0.5013399124145508
| Velocity: x: 29780.0, y: -0.002968094148957214
| Mass:     5.972e+24
------------------------------------
| Neighbor: Sun
| G * m2       = 1.327474512e+20
| dx           = -14901.821675300598
| dx * abs(dx) = -222064289.24245873
| dv_x         = -597788377648.8754
| G * m2       = 1.327474512e+20
| dy           = -2.238016e+22
| dy * abs(dy) = -2.238016e+22
| dv_y         = -597788377648.8754
| dv           = x: -597788377648.8754, y: -0.00593147909577054
------------------------------------
| Name:     Sun
| Position: x: 0.0, y: 4.4678128156657434e-09
| Timestep: 1.0017368793487549
| Delta t:  0.5017509460449219
| Velocity: x: 899838.9002094218, y: 1.784028068268295e-08
| Mass:     1.989e+30
------------------------------------
| Neighbor: Earth
| G * m2       = 398576057600000.06
| dx           = 29831.72426700592
| dx * abs(dx) = 889931772.7426699
| dv_x         = 447872.6008080747
| G * m2       = 398576057600000.06
| dy           = 2.238015999999955e+22
| dy * abs(dy) = 2.238015999999955e+22
| dv_y         = 447872.6008080747
| dv           = x: 447872.6008080747, y: 1.7809347993937847e-08
------------------------------------
| Name:     Earth
| Position: x: 29831.72426700592, y: 149599999999.9985
| Timestep: 1.0017368793487549
| Delta t:  0.5017509460449219
| Velocity: x: -299695143112.9236, y: -0.005941781359319555
| Mass:     5.972e+24
------------------------------------
| Neighbor: Sun
| G * m2       = 1.327474512e+20
| dx           = 421663.2952010935
| dx * abs(dx) = 177799934519.8445
| dv_x         = 746611361.5760857
| G * m2       = 1.327474512e+20
| dy           = -2.238015999999955e+22
| dy * abs(dy) = -2.238015999999955e+22
| dv_y         = 746611361.5760857
| dv           = x: 746611361.5760857, y: -0.005931479095770659
------------------------------------
| Name:     Sun
| Position: x: 451495.0194680994, y: 1.3419190525908857e-08
| Timestep: 1.5034878253936768
| Delta t:  0.5006649494171143
| Velocity: x: 1124559.4013724728, y: 2.6776137887084495e-08
| Mass:     1.989e+30
------------------------------------
| Neighbor: Earth
| G * m2       = 398576057600000.06
| dx           = -150372743245.27286
| dx * abs(dx) = -2.2611961911108755e+22
| dv_x         = -1.7626779098906428e-08
| G * m2       = 398576057600000.06
| dy           = 2.2380159999998658e+22
| dy * abs(dy) = 2.2380159999998658e+22
| dv_y         = -1.7626779098906428e-08
| dv           = x: -1.7626779098906428e-08, y: 1.780934799393856e-08
------------------------------------
| Name:     Earth
| Position: x: -150372291750.2534, y: 149599999999.9955
| Timestep: 1.5034878253936768
| Delta t:  0.5006649494171143
| Velocity: x: -299320530155.92487, y: -0.008917906607068161
| Mass:     5.972e+24
------------------------------------
| Neighbor: Sun
| G * m2       = 1.327474512e+20
| dx           = 150373306272.74866
| dx * abs(dx) = 2.261213123939787e+22
| dv_x         = 0.0058706297869309055
| G * m2       = 1.327474512e+20
| dy           = -2.2380159999998658e+22
| dy * abs(dy) = -2.2380159999998658e+22
| dv_y         = 0.0058706297869309055
| dv           = x: 0.0058706297869309055, y: -0.0059314790957708955
------------------------------------
| Name:     Sun
| Position: x: 1014522.4952727887, y: 2.6825064246731692e-08
| Timestep: 2.004152774810791
| Delta t:  0.5009288787841797
| Velocity: x: 1124559.401372464, y: 3.569265419962153e-08
| Mass:     1.989e+30
------------------------------------
| Neighbor: Earth
| G * m2       = 398576057600000.06
| dx           = -300232604362.7686
| dx * abs(dx) = -9.013961672245074e+22
| dv_x         = -4.421763394304828e-09
| G * m2       = 398576057600000.06
| dy           = 2.2380159999997324e+22
| dy * abs(dy) = 2.2380159999997324e+22
| dv_y         = -4.421763394304828e-09
| dv           = x: -4.421763394304828e-09, y: 1.780934799393962e-08
------------------------------------
| Name:     Earth
| Position: x: -300231589840.2733, y: 149599999999.99106
| Timestep: 2.004152774810791
| Delta t:  0.5009288787841797
| Velocity: x: -299320530155.92194, y: -0.011887590288520967
| Mass:     5.972e+24
------------------------------------
| Neighbor: Sun
| G * m2       = 1.327474512e+20
| dx           = 300233167687.04865
| dx * abs(dx) = 9.013995497939947e+22
| dv_x         = 0.0014726815786666192
| G * m2       = 1.327474512e+20
| dy           = -2.2380159999997324e+22
| dy * abs(dy) = -2.2380159999997324e+22
| dv_y         = 0.0014726815786666192
| dv           = x: 0.0014726815786666192, y: -0.0059314790957712485
------------------------------------
| Name:     Sun
| Position: x: 1577846.7753285053, y: 4.470454549577955e-08
| Timestep: 2.5050816535949707
| Delta t:  0.5015621185302734
| Velocity: x: 1124559.4013724616, y: 4.4613870922102986e-08
| Mass:     1.989e+30
------------------------------------
| Neighbor: Earth
| G * m2       = 398576057600000.06
| dx           = -450171465255.14087
| dx * abs(dx) = -2.0265434812996052e+23
| dv_x         = -1.966777724129544e-09
| G * m2       = 398576057600000.06
| dy           = 2.2380159999995546e+22
| dy * abs(dy) = 2.2380159999995546e+22
| dv_y         = -1.966777724129544e-09
| dv           = x: -1.966777724129544e-09, y: 1.7809347993941034e-08
------------------------------------
| Name:     Earth
| Position: x: -450169887408.36554, y: 149599999999.9851
| Timestep: 2.5050816535949707
| Delta t:  0.5015621185302734
| Velocity: x: -299320530155.9212, y: -0.014858839461497459
| Mass:     5.972e+24
------------------------------------
| Neighbor: Sun
| G * m2       = 1.327474512e+20
| dx           = 450172029291.5366
| dx * abs(dx) = 2.026548559564601e+23
| dv_x         = 0.0006550420446304058
| G * m2       = 1.327474512e+20
| dy           = -2.2380159999995546e+22
| dy * abs(dy) = -2.2380159999995546e+22
| dv_y         = 0.0006550420446304058
| dv           = x: 0.0006550420446304058, y: -0.00593147909577172
------------------------------------
| Name:     Sun
| Position: x: 2141883.1710940134, y: 6.708117311130568e-08
| Timestep: 3.006643772125244
| Delta t:  0.5006222724914551
| Velocity: x: 1124559.4013724606, y: 5.354636523158693e-08
| Mass:     1.989e+30
------------------------------------